Determining if the pthread_create exist failed with the following output:
Change Dir: /program/ugv_ws/src/ugv_master/2Transform/obstacle_detection/build/CMakeFiles/CMakeTmp

Run Build Command:"/usr/bin/make" "cmTC_45306/fast"
/usr/bin/make -f CMakeFiles/cmTC_45306.dir/build.make CMakeFiles/cmTC_45306.dir/build
make[1]: Entering directory '/program/ugv_ws/src/ugv_master/2Transform/obstacle_detection/build/CMakeFiles/CMakeTmp'
Building C object CMakeFiles/cmTC_45306.dir/CheckSymbolExists.c.o
/usr/bin/cc     -o CMakeFiles/cmTC_45306.dir/CheckSymbolExists.c.o   -c /program/ugv_ws/src/ugv_master/2Transform/obstacle_detection/build/CMakeFiles/CMakeTmp/CheckSymbolExists.c
Linking C executable cmTC_45306
/usr/bin/cmake -E cmake_link_script CMakeFiles/cmTC_45306.dir/link.txt --verbose=1
/usr/bin/cc       CMakeFiles/cmTC_45306.dir/CheckSymbolExists.c.o  -o cmTC_45306 -rdynamic 
CMakeFiles/cmTC_45306.dir/CheckSymbolExists.c.o: In function `main':
CheckSymbolExists.c:(.text+0x16): undefined reference to `pthread_create'
collect2: error: ld returned 1 exit status
CMakeFiles/cmTC_45306.dir/build.make:97: recipe for target 'cmTC_45306' failed
make[1]: *** [cmTC_45306] Error 1
make[1]: Leaving directory '/program/ugv_ws/src/ugv_master/2Transform/obstacle_detection/build/CMakeFiles/CMakeTmp'
Makefile:126: recipe for target 'cmTC_45306/fast' failed
make: *** [cmTC_45306/fast] Error 2

File /program/ugv_ws/src/ugv_master/2Transform/obstacle_detection/build/CMakeFiles/CMakeTmp/CheckSymbolExists.c:
/* */
#include <pthread.h>

int main(int argc, char** argv)
{
  (void)argv;
#ifndef pthread_create
  return ((int*)(&pthread_create))[argc];
#else
  (void)argc;
  return 0;
#endif
}

Determining if the function pthread_create exists in the pthreads failed with the following output:
Change Dir: /program/ugv_ws/src/ugv_master/2Transform/obstacle_detection/build/CMakeFiles/CMakeTmp

Run Build Command:"/usr/bin/make" "cmTC_ded65/fast"
/usr/bin/make -f CMakeFiles/cmTC_ded65.dir/build.make CMakeFiles/cmTC_ded65.dir/build
make[1]: Entering directory '/program/ugv_ws/src/ugv_master/2Transform/obstacle_detection/build/CMakeFiles/CMakeTmp'
Building C object CMakeFiles/cmTC_ded65.dir/CheckFunctionExists.c.o
/usr/bin/cc    -DCHECK_FUNCTION_EXISTS=pthread_create   -o CMakeFiles/cmTC_ded65.dir/CheckFunctionExists.c.o   -c /usr/share/cmake-3.5/Modules/CheckFunctionExists.c
Linking C executable cmTC_ded65
/usr/bin/cmake -E cmake_link_script CMakeFiles/cmTC_ded65.dir/link.txt --verbose=1
/usr/bin/cc   -DCHECK_FUNCTION_EXISTS=pthread_create    CMakeFiles/cmTC_ded65.dir/CheckFunctionExists.c.o  -o cmTC_ded65 -rdynamic -lpthreads 
/usr/bin/ld: cannot find -lpthreads
collect2: error: ld returned 1 exit status
CMakeFiles/cmTC_ded65.dir/build.make:97: recipe for target 'cmTC_ded65' failed
make[1]: *** [cmTC_ded65] Error 1
make[1]: Leaving directory '/program/ugv_ws/src/ugv_master/2Transform/obstacle_detection/build/CMakeFiles/CMakeTmp'
Makefile:126: recipe for target 'cmTC_ded65/fast' failed
make: *** [cmTC_ded65/fast] Error 2


